<?xml version="1.0" encoding="UTF-8"?><testsuite errors="1" failures="0" name="Registrar usuario" skipped="0" tests="1" time="0.42" timestamp="2022-03-02 05:25:51"><testcase name="Registro de usuario exitoso"><error message="Step [El usuario ingresa a la página para registrarse] is defined with 1 parameters at 'stepDefinitions.registrarUsuarioStepDefinition.elUsuarioIngresaALaPáginaParaRegistrarse(io.cucumber.datatable.DataTable)'.&#10;However, the gherkin step has 0 arguments.&#10;Step text: El usuario ingresa a la página para registrarse" type="io.cucumber.core.exception.CucumberException">Step [El usuario ingresa a la página para registrarse] is defined with 1 parameters at 'stepDefinitions.registrarUsuarioStepDefinition.elUsuarioIngresaALaPáginaParaRegistrarse(io.cucumber.datatable.DataTable)'.
However, the gherkin step has 0 arguments.
Step text: El usuario ingresa a la página para registrarse</error><system-err>Step [El usuario ingresa a la página para registrarse] is defined with 1 parameters at 'stepDefinitions.registrarUsuarioStepDefinition.elUsuarioIngresaALaPáginaParaRegistrarse(io.cucumber.datatable.DataTable)'.
However, the gherkin step has 0 arguments.
Step text: El usuario ingresa a la página para registrarse&#13;
io.cucumber.core.runner.PickleStepDefinitionMatch.arityMismatch(PickleStepDefinitionMatch.java:83)&#13;
io.cucumber.core.runner.PickleStepDefinitionMatch.runStep(PickleStepDefinitionMatch.java:42)&#13;
io.cucumber.core.runner.TestStep.executeStep(TestStep.java:92)&#13;
io.cucumber.core.runner.TestStep.run(TestStep.java:64)&#13;
io.cucumber.core.runner.PickleStepTestStep.run(PickleStepTestStep.java:51)&#13;
io.cucumber.core.runner.TestCase.run(TestCase.java:104)&#13;
io.cucumber.core.runner.Runner.runPickle(Runner.java:73)&#13;
io.cucumber.junit.FeatureRunner.runChild(FeatureRunner.java:135)&#13;
io.cucumber.junit.FeatureRunner.runChild(FeatureRunner.java:27)&#13;
io.cucumber.junit.CucumberSerenityRunner.runChild(CucumberSerenityRunner.java:234)&#13;
io.cucumber.junit.CucumberSerenityRunner.runChild(CucumberSerenityRunner.java:57)&#13;
worker.org.gradle.process.internal.worker.GradleWorkerMain.run(GradleWorkerMain.java:69)&#13;
worker.org.gradle.process.internal.worker.GradleWorkerMain.main(GradleWorkerMain.java:74)&#13;
</system-err></testcase></testsuite>