<?xml version="1.0" encoding="UTF-8"?><testsuite errors="1" failures="0" name="Registrar usuario" skipped="0" tests="1" time="52.8" timestamp="2022-04-07 04:14:54"><testcase name="Registro de usuario exitoso"><error message="Cannot get a STRING value from a NUMERIC cell" type="java.lang.IllegalStateException">Cannot get a STRING value from a NUMERIC cell</error><system-err>Cannot get a STRING value from a NUMERIC cell&#13;
org.apache.poi.xssf.usermodel.XSSFCell.typeMismatch(XSSFCell.java:944)&#13;
org.apache.poi.xssf.usermodel.XSSFCell.getRichStringCellValue(XSSFCell.java:334)&#13;
org.apache.poi.xssf.usermodel.XSSFCell.getStringCellValue(XSSFCell.java:279)&#13;
abilities.getInfoExcelFile.getCellData(getInfoExcelFile.java:62)&#13;
stepDefinitions.registrarUsuarioStepDefinition.elUsuarioIngresaLosDatosDeRegistroDesdeExcel(registrarUsuarioStepDefinition.java:92)&#13;
✽.el usuario ingresa los datos de registro desde Excel(file:///C:/Users/humar/IdeaProjects/automationPracticeEjercicio/src/test/resources/features/registrarUsuario.feature:17)&#13;
</system-err></testcase></testsuite>